{"name":"hexo","hostname":"izwz9b7o9hu1q9x1rrqe2fz","pid":14072,"level":20,"msg":"Writing database to /home/github/evolution-li.github.io/db.json","time":"2019-05-30T03:09:01.093Z","v":0}
{"name":"hexo","hostname":"izwz9b7o9hu1q9x1rrqe2fz","pid":14072,"level":20,"msg":"Hexo version: \u001b[35m3.8.0\u001b[39m","time":"2019-05-30T03:09:01.112Z","v":0}
{"name":"hexo","hostname":"izwz9b7o9hu1q9x1rrqe2fz","pid":14072,"level":20,"msg":"Working directory: \u001b[35m/home/github/evolution-li.github.io/\u001b[39m","time":"2019-05-30T03:09:01.113Z","v":0}
{"name":"hexo","hostname":"izwz9b7o9hu1q9x1rrqe2fz","pid":14072,"level":20,"msg":"Config loaded: \u001b[35m/home/github/evolution-li.github.io/_config.yml\u001b[39m","time":"2019-05-30T03:09:01.188Z","v":0}
{"name":"hexo","hostname":"izwz9b7o9hu1q9x1rrqe2fz","pid":14072,"level":20,"msg":"Plugin loaded: \u001b[35mhexo-deployer-git\u001b[39m","time":"2019-05-30T03:09:01.243Z","v":0}
{"name":"hexo","hostname":"izwz9b7o9hu1q9x1rrqe2fz","pid":14072,"level":20,"msg":"Plugin loaded: \u001b[35mhexo-generator-archive\u001b[39m","time":"2019-05-30T03:09:01.246Z","v":0}
{"name":"hexo","hostname":"izwz9b7o9hu1q9x1rrqe2fz","pid":14072,"level":20,"msg":"Plugin loaded: \u001b[35mhexo-generator-category\u001b[39m","time":"2019-05-30T03:09:01.247Z","v":0}
{"name":"hexo","hostname":"izwz9b7o9hu1q9x1rrqe2fz","pid":14072,"level":20,"msg":"Plugin loaded: \u001b[35mhexo-generator-index\u001b[39m","time":"2019-05-30T03:09:01.249Z","v":0}
{"name":"hexo","hostname":"izwz9b7o9hu1q9x1rrqe2fz","pid":14072,"level":20,"msg":"Plugin loaded: \u001b[35mhexo-generator-json-content\u001b[39m","time":"2019-05-30T03:09:01.305Z","v":0}
{"name":"hexo","hostname":"izwz9b7o9hu1q9x1rrqe2fz","pid":14072,"level":20,"msg":"Plugin loaded: \u001b[35mhexo-generator-search\u001b[39m","time":"2019-05-30T03:09:01.307Z","v":0}
{"name":"hexo","hostname":"izwz9b7o9hu1q9x1rrqe2fz","pid":14072,"level":20,"msg":"Plugin loaded: \u001b[35mhexo-generator-tag\u001b[39m","time":"2019-05-30T03:09:01.308Z","v":0}
{"name":"hexo","hostname":"izwz9b7o9hu1q9x1rrqe2fz","pid":14072,"level":20,"msg":"Plugin loaded: \u001b[35mhexo-renderer-ejs\u001b[39m","time":"2019-05-30T03:09:01.311Z","v":0}
{"name":"hexo","hostname":"izwz9b7o9hu1q9x1rrqe2fz","pid":14072,"level":20,"msg":"Plugin loaded: \u001b[35mhexo-renderer-less\u001b[39m","time":"2019-05-30T03:09:01.369Z","v":0}
{"name":"hexo","hostname":"izwz9b7o9hu1q9x1rrqe2fz","pid":14072,"level":20,"msg":"Plugin loaded: \u001b[35mhexo-renderer-marked\u001b[39m","time":"2019-05-30T03:09:01.375Z","v":0}
{"name":"hexo","hostname":"izwz9b7o9hu1q9x1rrqe2fz","pid":14072,"level":20,"msg":"Plugin loaded: \u001b[35mhexo-renderer-stylus\u001b[39m","time":"2019-05-30T03:09:01.376Z","v":0}
{"name":"hexo","hostname":"izwz9b7o9hu1q9x1rrqe2fz","pid":14072,"level":20,"msg":"Plugin loaded: \u001b[35mhexo-server\u001b[39m","time":"2019-05-30T03:09:01.431Z","v":0}
{"name":"hexo","hostname":"izwz9b7o9hu1q9x1rrqe2fz","pid":14072,"level":20,"msg":"Loading database.","time":"2019-05-30T03:09:01.443Z","v":0}
{"name":"hexo","hostname":"izwz9b7o9hu1q9x1rrqe2fz","pid":14072,"level":30,"msg":"Start processing","time":"2019-05-30T03:09:01.512Z","v":0}
{"name":"hexo","hostname":"izwz9b7o9hu1q9x1rrqe2fz","pid":14072,"level":20,"msg":"Processed: \u001b[35m_posts/hello-world.md\u001b[39m","time":"2019-05-30T03:09:01.599Z","v":0}
{"name":"hexo","hostname":"izwz9b7o9hu1q9x1rrqe2fz","pid":14072,"level":20,"msg":"Processed: \u001b[35m_posts/test.md\u001b[39m","time":"2019-05-30T03:09:01.600Z","v":0}
{"name":"hexo","hostname":"izwz9b7o9hu1q9x1rrqe2fz","pid":14072,"level":20,"msg":"Processed: \u001b[35msource/style.less\u001b[39m","time":"2019-05-30T03:09:01.635Z","v":0}
{"name":"hexo","hostname":"izwz9b7o9hu1q9x1rrqe2fz","pid":14072,"level":20,"msg":"Processed: \u001b[35msource/fonts/Monaco.ttf\u001b[39m","time":"2019-05-30T03:09:01.681Z","v":0}
{"name":"hexo","hostname":"izwz9b7o9hu1q9x1rrqe2fz","pid":14072,"level":20,"msg":"Processed: \u001b[35msource/js/app.js\u001b[39m","time":"2019-05-30T03:09:01.681Z","v":0}
{"name":"hexo","hostname":"izwz9b7o9hu1q9x1rrqe2fz","pid":14072,"level":20,"msg":"Processed: \u001b[35msource/js/search.js\u001b[39m","time":"2019-05-30T03:09:01.682Z","v":0}
{"name":"hexo","hostname":"izwz9b7o9hu1q9x1rrqe2fz","pid":14072,"level":20,"msg":"Theme config loaded.","time":"2019-05-30T03:09:01.707Z","v":0}
{"name":"hexo","hostname":"izwz9b7o9hu1q9x1rrqe2fz","pid":14072,"level":20,"msg":"Processed: \u001b[35m_config.yml\u001b[39m","time":"2019-05-30T03:09:01.714Z","v":0}
{"name":"hexo","hostname":"izwz9b7o9hu1q9x1rrqe2fz","pid":14072,"level":20,"msg":"Processed: \u001b[35msource/js/volantis.js\u001b[39m","time":"2019-05-30T03:09:01.719Z","v":0}
{"name":"hexo","hostname":"izwz9b7o9hu1q9x1rrqe2fz","pid":14072,"level":20,"msg":"Processed: \u001b[35mlayout/archive.ejs\u001b[39m","time":"2019-05-30T03:09:01.741Z","v":0}
{"name":"hexo","hostname":"izwz9b7o9hu1q9x1rrqe2fz","pid":14072,"level":20,"msg":"Processed: \u001b[35mlayout/category.ejs\u001b[39m","time":"2019-05-30T03:09:01.754Z","v":0}
{"name":"hexo","hostname":"izwz9b7o9hu1q9x1rrqe2fz","pid":14072,"level":20,"msg":"Processed: \u001b[35mlayout/index.ejs\u001b[39m","time":"2019-05-30T03:09:01.754Z","v":0}
{"name":"hexo","hostname":"izwz9b7o9hu1q9x1rrqe2fz","pid":14072,"level":20,"msg":"Processed: \u001b[35mlayout/layout.ejs\u001b[39m","time":"2019-05-30T03:09:01.754Z","v":0}
{"name":"hexo","hostname":"izwz9b7o9hu1q9x1rrqe2fz","pid":14072,"level":20,"msg":"Processed: \u001b[35mlayout/links.ejs\u001b[39m","time":"2019-05-30T03:09:01.754Z","v":0}
{"name":"hexo","hostname":"izwz9b7o9hu1q9x1rrqe2fz","pid":14072,"level":20,"msg":"Processed: \u001b[35mlayout/list.ejs\u001b[39m","time":"2019-05-30T03:09:01.754Z","v":0}
{"name":"hexo","hostname":"izwz9b7o9hu1q9x1rrqe2fz","pid":14072,"level":20,"msg":"Processed: \u001b[35mlayout/page.ejs\u001b[39m","time":"2019-05-30T03:09:01.755Z","v":0}
{"name":"hexo","hostname":"izwz9b7o9hu1q9x1rrqe2fz","pid":14072,"level":20,"msg":"Processed: \u001b[35mlayout/post.ejs\u001b[39m","time":"2019-05-30T03:09:01.755Z","v":0}
{"name":"hexo","hostname":"izwz9b7o9hu1q9x1rrqe2fz","pid":14072,"level":20,"msg":"Processed: \u001b[35mlayout/tag.ejs\u001b[39m","time":"2019-05-30T03:09:01.755Z","v":0}
{"name":"hexo","hostname":"izwz9b7o9hu1q9x1rrqe2fz","pid":14072,"level":20,"msg":"Processed: \u001b[35mlanguages/en.yml\u001b[39m","time":"2019-05-30T03:09:01.756Z","v":0}
{"name":"hexo","hostname":"izwz9b7o9hu1q9x1rrqe2fz","pid":14072,"level":20,"msg":"Processed: \u001b[35mlanguages/zh-CN.yml\u001b[39m","time":"2019-05-30T03:09:01.757Z","v":0}
{"name":"hexo","hostname":"izwz9b7o9hu1q9x1rrqe2fz","pid":14072,"level":20,"msg":"Processed: \u001b[35mlanguages/zh-HK.yml\u001b[39m","time":"2019-05-30T03:09:01.757Z","v":0}
{"name":"hexo","hostname":"izwz9b7o9hu1q9x1rrqe2fz","pid":14072,"level":20,"msg":"Processed: \u001b[35mlanguages/zh-TW.yml\u001b[39m","time":"2019-05-30T03:09:01.757Z","v":0}
{"name":"hexo","hostname":"izwz9b7o9hu1q9x1rrqe2fz","pid":14072,"level":20,"msg":"Processed: \u001b[35msource/fonts/Skranji-Regular.ttf\u001b[39m","time":"2019-05-30T03:09:01.761Z","v":0}
{"name":"hexo","hostname":"izwz9b7o9hu1q9x1rrqe2fz","pid":14072,"level":20,"msg":"Processed: \u001b[35mlayout/_cover/search.ejs\u001b[39m","time":"2019-05-30T03:09:01.798Z","v":0}
{"name":"hexo","hostname":"izwz9b7o9hu1q9x1rrqe2fz","pid":14072,"level":20,"msg":"Processed: \u001b[35mlayout/_meta/author.ejs\u001b[39m","time":"2019-05-30T03:09:01.798Z","v":0}
{"name":"hexo","hostname":"izwz9b7o9hu1q9x1rrqe2fz","pid":14072,"level":20,"msg":"Processed: \u001b[35mlayout/_meta/categories.ejs\u001b[39m","time":"2019-05-30T03:09:01.798Z","v":0}
{"name":"hexo","hostname":"izwz9b7o9hu1q9x1rrqe2fz","pid":14072,"level":20,"msg":"Processed: \u001b[35mlayout/_meta/counter.ejs\u001b[39m","time":"2019-05-30T03:09:01.798Z","v":0}
{"name":"hexo","hostname":"izwz9b7o9hu1q9x1rrqe2fz","pid":14072,"level":20,"msg":"Processed: \u001b[35mlayout/_meta/date.ejs\u001b[39m","time":"2019-05-30T03:09:01.798Z","v":0}
{"name":"hexo","hostname":"izwz9b7o9hu1q9x1rrqe2fz","pid":14072,"level":20,"msg":"Processed: \u001b[35mlayout/_meta/music.ejs\u001b[39m","time":"2019-05-30T03:09:01.799Z","v":0}
{"name":"hexo","hostname":"izwz9b7o9hu1q9x1rrqe2fz","pid":14072,"level":20,"msg":"Processed: \u001b[35mlayout/_meta/share.ejs\u001b[39m","time":"2019-05-30T03:09:01.799Z","v":0}
{"name":"hexo","hostname":"izwz9b7o9hu1q9x1rrqe2fz","pid":14072,"level":20,"msg":"Processed: \u001b[35mlayout/_meta/tags.ejs\u001b[39m","time":"2019-05-30T03:09:01.799Z","v":0}
{"name":"hexo","hostname":"izwz9b7o9hu1q9x1rrqe2fz","pid":14072,"level":20,"msg":"Processed: \u001b[35mlayout/_meta/thumbnail.ejs\u001b[39m","time":"2019-05-30T03:09:01.799Z","v":0}
{"name":"hexo","hostname":"izwz9b7o9hu1q9x1rrqe2fz","pid":14072,"level":20,"msg":"Processed: \u001b[35mlayout/_meta/title.ejs\u001b[39m","time":"2019-05-30T03:09:01.799Z","v":0}
{"name":"hexo","hostname":"izwz9b7o9hu1q9x1rrqe2fz","pid":14072,"level":20,"msg":"Processed: \u001b[35mlayout/_meta/top.ejs\u001b[39m","time":"2019-05-30T03:09:01.799Z","v":0}
{"name":"hexo","hostname":"izwz9b7o9hu1q9x1rrqe2fz","pid":14072,"level":20,"msg":"Processed: \u001b[35mlayout/_meta/updated.ejs\u001b[39m","time":"2019-05-30T03:09:01.799Z","v":0}
{"name":"hexo","hostname":"izwz9b7o9hu1q9x1rrqe2fz","pid":14072,"level":20,"msg":"Processed: \u001b[35mlayout/_partial/archive.ejs\u001b[39m","time":"2019-05-30T03:09:01.800Z","v":0}
{"name":"hexo","hostname":"izwz9b7o9hu1q9x1rrqe2fz","pid":14072,"level":20,"msg":"Processed: \u001b[35mlayout/_partial/article.ejs\u001b[39m","time":"2019-05-30T03:09:01.800Z","v":0}
{"name":"hexo","hostname":"izwz9b7o9hu1q9x1rrqe2fz","pid":14072,"level":20,"msg":"Processed: \u001b[35mlayout/_partial/categories.ejs\u001b[39m","time":"2019-05-30T03:09:01.801Z","v":0}
{"name":"hexo","hostname":"izwz9b7o9hu1q9x1rrqe2fz","pid":14072,"level":20,"msg":"Processed: \u001b[35mlayout/_partial/cover.ejs\u001b[39m","time":"2019-05-30T03:09:01.801Z","v":0}
{"name":"hexo","hostname":"izwz9b7o9hu1q9x1rrqe2fz","pid":14072,"level":20,"msg":"Processed: \u001b[35mlayout/_partial/footer.ejs\u001b[39m","time":"2019-05-30T03:09:01.801Z","v":0}
{"name":"hexo","hostname":"izwz9b7o9hu1q9x1rrqe2fz","pid":14072,"level":20,"msg":"Processed: \u001b[35mlayout/_partial/head.ejs\u001b[39m","time":"2019-05-30T03:09:01.801Z","v":0}
{"name":"hexo","hostname":"izwz9b7o9hu1q9x1rrqe2fz","pid":14072,"level":20,"msg":"Processed: \u001b[35mlayout/_partial/header.ejs\u001b[39m","time":"2019-05-30T03:09:01.801Z","v":0}
{"name":"hexo","hostname":"izwz9b7o9hu1q9x1rrqe2fz","pid":14072,"level":20,"msg":"Processed: \u001b[35mlayout/_partial/mathjax.ejs\u001b[39m","time":"2019-05-30T03:09:01.801Z","v":0}
{"name":"hexo","hostname":"izwz9b7o9hu1q9x1rrqe2fz","pid":14072,"level":20,"msg":"Processed: \u001b[35mlayout/_partial/meta.ejs\u001b[39m","time":"2019-05-30T03:09:01.801Z","v":0}
{"name":"hexo","hostname":"izwz9b7o9hu1q9x1rrqe2fz","pid":14072,"level":20,"msg":"Processed: \u001b[35mlayout/_partial/post.ejs\u001b[39m","time":"2019-05-30T03:09:01.801Z","v":0}
{"name":"hexo","hostname":"izwz9b7o9hu1q9x1rrqe2fz","pid":14072,"level":20,"msg":"Processed: \u001b[35mlayout/_partial/scripts.ejs\u001b[39m","time":"2019-05-30T03:09:01.801Z","v":0}
{"name":"hexo","hostname":"izwz9b7o9hu1q9x1rrqe2fz","pid":14072,"level":20,"msg":"Processed: \u001b[35mlayout/_partial/side.ejs\u001b[39m","time":"2019-05-30T03:09:01.801Z","v":0}
{"name":"hexo","hostname":"izwz9b7o9hu1q9x1rrqe2fz","pid":14072,"level":20,"msg":"Processed: \u001b[35mlayout/_third-party/aplayer.ejs\u001b[39m","time":"2019-05-30T03:09:01.805Z","v":0}
{"name":"hexo","hostname":"izwz9b7o9hu1q9x1rrqe2fz","pid":14072,"level":20,"msg":"Processed: \u001b[35mlayout/_third-party/clipboard.ejs\u001b[39m","time":"2019-05-30T03:09:01.805Z","v":0}
{"name":"hexo","hostname":"izwz9b7o9hu1q9x1rrqe2fz","pid":14072,"level":20,"msg":"Processed: \u001b[35mlayout/_third-party/comments.ejs\u001b[39m","time":"2019-05-30T03:09:01.805Z","v":0}
{"name":"hexo","hostname":"izwz9b7o9hu1q9x1rrqe2fz","pid":14072,"level":20,"msg":"Processed: \u001b[35mlayout/_third-party/fancybox.ejs\u001b[39m","time":"2019-05-30T03:09:01.814Z","v":0}
{"name":"hexo","hostname":"izwz9b7o9hu1q9x1rrqe2fz","pid":14072,"level":20,"msg":"Processed: \u001b[35mlayout/_third-party/share.ejs\u001b[39m","time":"2019-05-30T03:09:01.814Z","v":0}
{"name":"hexo","hostname":"izwz9b7o9hu1q9x1rrqe2fz","pid":14072,"level":20,"msg":"Processed: \u001b[35mlayout/_widget/author.ejs\u001b[39m","time":"2019-05-30T03:09:01.814Z","v":0}
{"name":"hexo","hostname":"izwz9b7o9hu1q9x1rrqe2fz","pid":14072,"level":20,"msg":"Processed: \u001b[35mlayout/_widget/category.ejs\u001b[39m","time":"2019-05-30T03:09:01.814Z","v":0}
{"name":"hexo","hostname":"izwz9b7o9hu1q9x1rrqe2fz","pid":14072,"level":20,"msg":"Processed: \u001b[35mlayout/_widget/grid.ejs\u001b[39m","time":"2019-05-30T03:09:01.814Z","v":0}
{"name":"hexo","hostname":"izwz9b7o9hu1q9x1rrqe2fz","pid":14072,"level":20,"msg":"Processed: \u001b[35mlayout/_widget/header.ejs\u001b[39m","time":"2019-05-30T03:09:01.815Z","v":0}
{"name":"hexo","hostname":"izwz9b7o9hu1q9x1rrqe2fz","pid":14072,"level":20,"msg":"Processed: \u001b[35mlayout/_widget/list.ejs\u001b[39m","time":"2019-05-30T03:09:01.815Z","v":0}
{"name":"hexo","hostname":"izwz9b7o9hu1q9x1rrqe2fz","pid":14072,"level":20,"msg":"Processed: \u001b[35mlayout/_widget/music.ejs\u001b[39m","time":"2019-05-30T03:09:01.815Z","v":0}
{"name":"hexo","hostname":"izwz9b7o9hu1q9x1rrqe2fz","pid":14072,"level":20,"msg":"Processed: \u001b[35mlayout/_widget/plain.ejs\u001b[39m","time":"2019-05-30T03:09:01.815Z","v":0}
{"name":"hexo","hostname":"izwz9b7o9hu1q9x1rrqe2fz","pid":14072,"level":20,"msg":"Processed: \u001b[35mlayout/_widget/related_posts.ejs\u001b[39m","time":"2019-05-30T03:09:01.815Z","v":0}
{"name":"hexo","hostname":"izwz9b7o9hu1q9x1rrqe2fz","pid":14072,"level":20,"msg":"Processed: \u001b[35mlayout/_widget/tagcloud.ejs\u001b[39m","time":"2019-05-30T03:09:01.815Z","v":0}
{"name":"hexo","hostname":"izwz9b7o9hu1q9x1rrqe2fz","pid":14072,"level":20,"msg":"Processed: \u001b[35mlayout/_widget/toc.ejs\u001b[39m","time":"2019-05-30T03:09:01.815Z","v":0}
{"name":"hexo","hostname":"izwz9b7o9hu1q9x1rrqe2fz","pid":14072,"level":20,"msg":"Processed: \u001b[35msource/fonts/Ubuntu-Regular.ttf\u001b[39m","time":"2019-05-30T03:09:01.823Z","v":0}
{"name":"hexo","hostname":"izwz9b7o9hu1q9x1rrqe2fz","pid":14072,"level":20,"msg":"Generator: \u001b[35mpage\u001b[39m","time":"2019-05-30T03:09:01.960Z","v":0}
{"name":"hexo","hostname":"izwz9b7o9hu1q9x1rrqe2fz","pid":14072,"level":20,"msg":"Generator: \u001b[35mpost\u001b[39m","time":"2019-05-30T03:09:01.960Z","v":0}
{"name":"hexo","hostname":"izwz9b7o9hu1q9x1rrqe2fz","pid":14072,"level":20,"msg":"Generator: \u001b[35marchive\u001b[39m","time":"2019-05-30T03:09:01.960Z","v":0}
{"name":"hexo","hostname":"izwz9b7o9hu1q9x1rrqe2fz","pid":14072,"level":20,"msg":"Generator: \u001b[35mcategory\u001b[39m","time":"2019-05-30T03:09:01.960Z","v":0}
{"name":"hexo","hostname":"izwz9b7o9hu1q9x1rrqe2fz","pid":14072,"level":20,"msg":"Generator: \u001b[35mindex\u001b[39m","time":"2019-05-30T03:09:01.960Z","v":0}
{"name":"hexo","hostname":"izwz9b7o9hu1q9x1rrqe2fz","pid":14072,"level":20,"msg":"Generator: \u001b[35mjson-content\u001b[39m","time":"2019-05-30T03:09:01.961Z","v":0}
{"name":"hexo","hostname":"izwz9b7o9hu1q9x1rrqe2fz","pid":14072,"level":20,"msg":"Generator: \u001b[35mxml\u001b[39m","time":"2019-05-30T03:09:01.961Z","v":0}
{"name":"hexo","hostname":"izwz9b7o9hu1q9x1rrqe2fz","pid":14072,"level":20,"msg":"Generator: \u001b[35mtag\u001b[39m","time":"2019-05-30T03:09:01.961Z","v":0}
{"name":"hexo","hostname":"izwz9b7o9hu1q9x1rrqe2fz","pid":14072,"level":20,"msg":"Generator: \u001b[35masset\u001b[39m","time":"2019-05-30T03:09:01.961Z","v":0}
{"name":"hexo","hostname":"izwz9b7o9hu1q9x1rrqe2fz","pid":14072,"level":30,"msg":"Hexo is running at \u001b[4mhttp://localhost:4000/\u001b[24m. Press Ctrl+C to stop.","time":"2019-05-30T03:09:01.967Z","v":0}
{"name":"hexo","hostname":"izwz9b7o9hu1q9x1rrqe2fz","pid":14072,"level":20,"msg":"Database saved","time":"2019-05-30T03:09:02.168Z","v":0}
{"name":"hexo","hostname":"izwz9b7o9hu1q9x1rrqe2fz","pid":14072,"level":20,"msg":"Rendering index: \u001b[35mindex.html\u001b[39m","time":"2019-05-30T03:09:12.985Z","v":0}
{"name":"hexo","hostname":"izwz9b7o9hu1q9x1rrqe2fz","pid":14072,"level":20,"msg":"Rendering index: \u001b[35mindex.html\u001b[39m","time":"2019-05-30T03:09:14.062Z","v":0}
{"name":"hexo","hostname":"izwz9b7o9hu1q9x1rrqe2fz","pid":14072,"level":20,"msg":"Rendering post: \u001b[35m2019/05/30/test/index.html\u001b[39m","time":"2019-05-30T03:09:29.988Z","v":0}
{"name":"hexo","hostname":"izwz9b7o9hu1q9x1rrqe2fz","pid":14072,"level":30,"msg":"See you again","time":"2019-05-30T03:10:20.913Z","v":0}
{"name":"hexo","hostname":"izwz9b7o9hu1q9x1rrqe2fz","pid":14072,"level":20,"msg":"Database saved","time":"2019-05-30T03:10:20.982Z","v":0}
